[2026-03-12T09:34:10.221+0000] {local_task_job_runner.py:120} INFO - ::group::Pre task execution logs
[2026-03-12T09:34:10.239+0000] {taskinstance.py:2076} INFO - Dependencies all met for dep_context=non-requeueable deps ti=<TaskInstance: bash_task_chain.task_b manual__2026-03-12T09:34:06.012224+00:00 [queued]>
[2026-03-12T09:34:10.245+0000] {taskinstance.py:2076} INFO - Dependencies all met for dep_context=requeueable deps ti=<TaskInstance: bash_task_chain.task_b manual__2026-03-12T09:34:06.012224+00:00 [queued]>
[2026-03-12T09:34:10.246+0000] {taskinstance.py:2306} INFO - Starting attempt 1 of 1
[2026-03-12T09:34:10.258+0000] {taskinstance.py:2330} INFO - Executing <Task(BashOperator): task_b> on 2026-03-12 09:34:06.012224+00:00
[2026-03-12T09:34:10.263+0000] {warnings.py:110} WARNING - /home/***/.local/lib/python3.12/site-packages/***/task/task_runner/standard_task_runner.py:61: DeprecationWarning: This process (pid=124) is multi-threaded, use of fork() may lead to deadlocks in the child.
  pid = os.fork()

[2026-03-12T09:34:10.265+0000] {standard_task_runner.py:63} INFO - Started process 127 to run task
[2026-03-12T09:34:10.265+0000] {standard_task_runner.py:90} INFO - Running: ['***', 'tasks', 'run', 'bash_task_chain', 'task_b', 'manual__2026-03-12T09:34:06.012224+00:00', '--job-id', '7', '--raw', '--subdir', 'DAGS_FOLDER/bash_task_chain.py', '--cfg-path', '/tmp/tmp863dezbr']
[2026-03-12T09:34:10.268+0000] {standard_task_runner.py:91} INFO - Job 7: Subtask task_b
[2026-03-12T09:34:10.342+0000] {task_command.py:426} INFO - Running <TaskInstance: bash_task_chain.task_b manual__2026-03-12T09:34:06.012224+00:00 [running]> on host a3a124afdf58
[2026-03-12T09:34:10.413+0000] {taskinstance.py:2648} INFO - Exporting env vars: AIRFLOW_CTX_DAG_OWNER='***' AIRFLOW_CTX_DAG_ID='bash_task_chain' AIRFLOW_CTX_TASK_ID='task_b' AIRFLOW_CTX_EXECUTION_DATE='2026-03-12T09:34:06.012224+00:00' AIRFLOW_CTX_TRY_NUMBER='1' AIRFLOW_CTX_DAG_RUN_ID='manual__2026-03-12T09:34:06.012224+00:00'
[2026-03-12T09:34:10.416+0000] {taskinstance.py:430} INFO - ::endgroup::
[2026-03-12T09:34:10.417+0000] {subprocess.py:63} INFO - Tmp dir root location: /tmp
[2026-03-12T09:34:10.418+0000] {subprocess.py:75} INFO - Running command: ['/usr/bin/bash', '-c', "echo 'Task B running'"]
[2026-03-12T09:34:10.427+0000] {subprocess.py:86} INFO - Output:
[2026-03-12T09:34:10.428+0000] {subprocess.py:93} INFO - Task B running
[2026-03-12T09:34:10.429+0000] {subprocess.py:97} INFO - Command exited with return code 0
[2026-03-12T09:34:10.430+0000] {taskinstance.py:441} INFO - ::group::Post task execution logs
[2026-03-12T09:34:10.458+0000] {taskinstance.py:1206} INFO - Marking task as SUCCESS. dag_id=bash_task_chain, task_id=task_b, run_id=manual__2026-03-12T09:34:06.012224+00:00, execution_date=20260312T093406, start_date=20260312T093410, end_date=20260312T093410
[2026-03-12T09:34:10.481+0000] {local_task_job_runner.py:240} INFO - Task exited with return code 0
[2026-03-12T09:34:10.494+0000] {taskinstance.py:3498} INFO - 0 downstream tasks scheduled from follow-on schedule check
[2026-03-12T09:34:10.496+0000] {local_task_job_runner.py:222} INFO - ::endgroup::
