[2026-03-12T10:45:24.266+0000] {local_task_job_runner.py:120} INFO - ::group::Pre task execution logs
[2026-03-12T10:45:24.286+0000] {taskinstance.py:2076} INFO - Dependencies all met for dep_context=non-requeueable deps ti=<TaskInstance: schedule_retry_xcom_demo.multiply_number manual__2026-03-12T10:45:17.285419+00:00 [queued]>
[2026-03-12T10:45:24.294+0000] {taskinstance.py:2076} INFO - Dependencies all met for dep_context=requeueable deps ti=<TaskInstance: schedule_retry_xcom_demo.multiply_number manual__2026-03-12T10:45:17.285419+00:00 [queued]>
[2026-03-12T10:45:24.295+0000] {taskinstance.py:2306} INFO - Starting attempt 1 of 3
[2026-03-12T10:45:24.312+0000] {taskinstance.py:2330} INFO - Executing <Task(PythonOperator): multiply_number> on 2026-03-12 10:45:17.285419+00:00
[2026-03-12T10:45:24.319+0000] {warnings.py:110} WARNING - /home/***/.local/lib/python3.12/site-packages/***/task/task_runner/standard_task_runner.py:61: DeprecationWarning: This process (pid=548) is multi-threaded, use of fork() may lead to deadlocks in the child.
  pid = os.fork()

[2026-03-12T10:45:24.323+0000] {standard_task_runner.py:63} INFO - Started process 553 to run task
[2026-03-12T10:45:24.321+0000] {standard_task_runner.py:90} INFO - Running: ['***', 'tasks', 'run', 'schedule_retry_xcom_demo', 'multiply_number', 'manual__2026-03-12T10:45:17.285419+00:00', '--job-id', '34', '--raw', '--subdir', 'DAGS_FOLDER/retries_xCom_demo.py', '--cfg-path', '/tmp/tmpqyef8wun']
[2026-03-12T10:45:24.326+0000] {standard_task_runner.py:91} INFO - Job 34: Subtask multiply_number
[2026-03-12T10:45:24.405+0000] {task_command.py:426} INFO - Running <TaskInstance: schedule_retry_xcom_demo.multiply_number manual__2026-03-12T10:45:17.285419+00:00 [running]> on host 50b4d1eb072c
[2026-03-12T10:45:24.514+0000] {taskinstance.py:2648} INFO - Exporting env vars: AIRFLOW_CTX_DAG_OWNER='***' AIRFLOW_CTX_DAG_ID='schedule_retry_xcom_demo' AIRFLOW_CTX_TASK_ID='multiply_number' AIRFLOW_CTX_EXECUTION_DATE='2026-03-12T10:45:17.285419+00:00' AIRFLOW_CTX_TRY_NUMBER='1' AIRFLOW_CTX_DAG_RUN_ID='manual__2026-03-12T10:45:17.285419+00:00'
[2026-03-12T10:45:24.517+0000] {taskinstance.py:430} INFO - ::endgroup::
[2026-03-12T10:45:24.604+0000] {logging_mixin.py:188} INFO - After multiplication: 50
[2026-03-12T10:45:24.656+0000] {python.py:237} INFO - Done. Returned value was: None
[2026-03-12T10:45:24.657+0000] {taskinstance.py:441} INFO - ::group::Post task execution logs
[2026-03-12T10:45:24.675+0000] {taskinstance.py:1206} INFO - Marking task as SUCCESS. dag_id=schedule_retry_xcom_demo, task_id=multiply_number, run_id=manual__2026-03-12T10:45:17.285419+00:00, execution_date=20260312T104517, start_date=20260312T104524, end_date=20260312T104524
[2026-03-12T10:45:24.698+0000] {local_task_job_runner.py:240} INFO - Task exited with return code 0
[2026-03-12T10:45:24.724+0000] {taskinstance.py:3498} INFO - 1 downstream tasks scheduled from follow-on schedule check
[2026-03-12T10:45:24.727+0000] {local_task_job_runner.py:222} INFO - ::endgroup::
