[2026-03-12T10:45:26.703+0000] {local_task_job_runner.py:120} INFO - ::group::Pre task execution logs
[2026-03-12T10:45:26.731+0000] {taskinstance.py:2076} INFO - Dependencies all met for dep_context=non-requeueable deps ti=<TaskInstance: schedule_retry_xcom_demo.print_result scheduled__2026-03-11T00:00:00+00:00 [queued]>
[2026-03-12T10:45:26.741+0000] {taskinstance.py:2076} INFO - Dependencies all met for dep_context=requeueable deps ti=<TaskInstance: schedule_retry_xcom_demo.print_result scheduled__2026-03-11T00:00:00+00:00 [queued]>
[2026-03-12T10:45:26.742+0000] {taskinstance.py:2306} INFO - Starting attempt 1 of 3
[2026-03-12T10:45:26.756+0000] {taskinstance.py:2330} INFO - Executing <Task(PythonOperator): print_result> on 2026-03-11 00:00:00+00:00
[2026-03-12T10:45:26.763+0000] {warnings.py:110} WARNING - /home/***/.local/lib/python3.12/site-packages/***/task/task_runner/standard_task_runner.py:61: DeprecationWarning: This process (pid=555) is multi-threaded, use of fork() may lead to deadlocks in the child.
  pid = os.fork()

[2026-03-12T10:45:26.765+0000] {standard_task_runner.py:63} INFO - Started process 559 to run task
[2026-03-12T10:45:26.764+0000] {standard_task_runner.py:90} INFO - Running: ['***', 'tasks', 'run', 'schedule_retry_xcom_demo', 'print_result', 'scheduled__2026-03-11T00:00:00+00:00', '--job-id', '36', '--raw', '--subdir', 'DAGS_FOLDER/retries_xCom_demo.py', '--cfg-path', '/tmp/tmphklz6kqr']
[2026-03-12T10:45:26.767+0000] {standard_task_runner.py:91} INFO - Job 36: Subtask print_result
[2026-03-12T10:45:26.860+0000] {task_command.py:426} INFO - Running <TaskInstance: schedule_retry_xcom_demo.print_result scheduled__2026-03-11T00:00:00+00:00 [running]> on host 50b4d1eb072c
[2026-03-12T10:45:26.970+0000] {taskinstance.py:2648} INFO - Exporting env vars: AIRFLOW_CTX_DAG_OWNER='***' AIRFLOW_CTX_DAG_ID='schedule_retry_xcom_demo' AIRFLOW_CTX_TASK_ID='print_result' AIRFLOW_CTX_EXECUTION_DATE='2026-03-11T00:00:00+00:00' AIRFLOW_CTX_TRY_NUMBER='1' AIRFLOW_CTX_DAG_RUN_ID='scheduled__2026-03-11T00:00:00+00:00'
[2026-03-12T10:45:26.973+0000] {taskinstance.py:430} INFO - ::endgroup::
[2026-03-12T10:45:26.988+0000] {logging_mixin.py:188} INFO - Final result: 50
[2026-03-12T10:45:26.989+0000] {python.py:237} INFO - Done. Returned value was: None
[2026-03-12T10:45:26.990+0000] {taskinstance.py:441} INFO - ::group::Post task execution logs
[2026-03-12T10:45:27.002+0000] {taskinstance.py:1206} INFO - Marking task as SUCCESS. dag_id=schedule_retry_xcom_demo, task_id=print_result, run_id=scheduled__2026-03-11T00:00:00+00:00, execution_date=20260311T000000, start_date=20260312T104526, end_date=20260312T104527
[2026-03-12T10:45:27.061+0000] {local_task_job_runner.py:240} INFO - Task exited with return code 0
[2026-03-12T10:45:27.077+0000] {taskinstance.py:3498} INFO - 0 downstream tasks scheduled from follow-on schedule check
[2026-03-12T10:45:27.079+0000] {local_task_job_runner.py:222} INFO - ::endgroup::
