[2026-03-12T09:40:04.228+0000] {local_task_job_runner.py:120} INFO - ::group::Pre task execution logs
[2026-03-12T09:40:04.247+0000] {taskinstance.py:2076} INFO - Dependencies all met for dep_context=non-requeueable deps ti=<TaskInstance: simple_bash_dag.print_hello manual__2026-03-12T09:39:58.595598+00:00 [queued]>
[2026-03-12T09:40:04.254+0000] {taskinstance.py:2076} INFO - Dependencies all met for dep_context=requeueable deps ti=<TaskInstance: simple_bash_dag.print_hello manual__2026-03-12T09:39:58.595598+00:00 [queued]>
[2026-03-12T09:40:04.255+0000] {taskinstance.py:2306} INFO - Starting attempt 1 of 1
[2026-03-12T09:40:04.267+0000] {taskinstance.py:2330} INFO - Executing <Task(BashOperator): print_hello> on 2026-03-12 09:39:58.595598+00:00
[2026-03-12T09:40:04.272+0000] {warnings.py:110} WARNING - /home/***/.local/lib/python3.12/site-packages/***/task/task_runner/standard_task_runner.py:61: DeprecationWarning: This process (pid=68) is multi-threaded, use of fork() may lead to deadlocks in the child.
  pid = os.fork()

[2026-03-12T09:40:04.274+0000] {standard_task_runner.py:63} INFO - Started process 70 to run task
[2026-03-12T09:40:04.274+0000] {standard_task_runner.py:90} INFO - Running: ['***', 'tasks', 'run', 'simple_bash_dag', 'print_hello', 'manual__2026-03-12T09:39:58.595598+00:00', '--job-id', '21', '--raw', '--subdir', 'DAGS_FOLDER/first_dag.py', '--cfg-path', '/tmp/tmp3ge3ptpz']
[2026-03-12T09:40:04.276+0000] {standard_task_runner.py:91} INFO - Job 21: Subtask print_hello
[2026-03-12T09:40:04.336+0000] {task_command.py:426} INFO - Running <TaskInstance: simple_bash_dag.print_hello manual__2026-03-12T09:39:58.595598+00:00 [running]> on host a3a124afdf58
[2026-03-12T09:40:04.410+0000] {taskinstance.py:2648} INFO - Exporting env vars: AIRFLOW_CTX_DAG_OWNER='***' AIRFLOW_CTX_DAG_ID='simple_bash_dag' AIRFLOW_CTX_TASK_ID='print_hello' AIRFLOW_CTX_EXECUTION_DATE='2026-03-12T09:39:58.595598+00:00' AIRFLOW_CTX_TRY_NUMBER='1' AIRFLOW_CTX_DAG_RUN_ID='manual__2026-03-12T09:39:58.595598+00:00'
[2026-03-12T09:40:04.412+0000] {taskinstance.py:430} INFO - ::endgroup::
[2026-03-12T09:40:04.413+0000] {subprocess.py:63} INFO - Tmp dir root location: /tmp
[2026-03-12T09:40:04.414+0000] {subprocess.py:75} INFO - Running command: ['/usr/bin/bash', '-c', "echo 'Hello World'"]
[2026-03-12T09:40:04.423+0000] {subprocess.py:86} INFO - Output:
[2026-03-12T09:40:04.426+0000] {subprocess.py:93} INFO - Hello World
[2026-03-12T09:40:04.426+0000] {subprocess.py:97} INFO - Command exited with return code 0
[2026-03-12T09:40:04.428+0000] {taskinstance.py:441} INFO - ::group::Post task execution logs
[2026-03-12T09:40:04.457+0000] {taskinstance.py:1206} INFO - Marking task as SUCCESS. dag_id=simple_bash_dag, task_id=print_hello, run_id=manual__2026-03-12T09:39:58.595598+00:00, execution_date=20260312T093958, start_date=20260312T094004, end_date=20260312T094004
[2026-03-12T09:40:04.488+0000] {local_task_job_runner.py:240} INFO - Task exited with return code 0
[2026-03-12T09:40:04.504+0000] {taskinstance.py:3498} INFO - 0 downstream tasks scheduled from follow-on schedule check
[2026-03-12T09:40:04.506+0000] {local_task_job_runner.py:222} INFO - ::endgroup::
