[2026-03-12T09:33:06.050+0000] {local_task_job_runner.py:120} INFO - ::group::Pre task execution logs
[2026-03-12T09:33:06.071+0000] {taskinstance.py:2076} INFO - Dependencies all met for dep_context=non-requeueable deps ti=<TaskInstance: simple_bash_dag.print_hello manual__2026-03-12T09:33:02.479416+00:00 [queued]>
[2026-03-12T09:33:06.079+0000] {taskinstance.py:2076} INFO - Dependencies all met for dep_context=requeueable deps ti=<TaskInstance: simple_bash_dag.print_hello manual__2026-03-12T09:33:02.479416+00:00 [queued]>
[2026-03-12T09:33:06.081+0000] {taskinstance.py:2306} INFO - Starting attempt 1 of 1
[2026-03-12T09:33:06.091+0000] {taskinstance.py:2330} INFO - Executing <Task(BashOperator): print_hello> on 2026-03-12 09:33:02.479416+00:00
[2026-03-12T09:33:06.097+0000] {warnings.py:110} WARNING - /home/***/.local/lib/python3.12/site-packages/***/task/task_runner/standard_task_runner.py:61: DeprecationWarning: This process (pid=101) is multi-threaded, use of fork() may lead to deadlocks in the child.
  pid = os.fork()

[2026-03-12T09:33:06.099+0000] {standard_task_runner.py:63} INFO - Started process 103 to run task
[2026-03-12T09:33:06.099+0000] {standard_task_runner.py:90} INFO - Running: ['***', 'tasks', 'run', 'simple_bash_dag', 'print_hello', 'manual__2026-03-12T09:33:02.479416+00:00', '--job-id', '5', '--raw', '--subdir', 'DAGS_FOLDER/first_dag.py', '--cfg-path', '/tmp/tmpurzmsdfn']
[2026-03-12T09:33:06.101+0000] {standard_task_runner.py:91} INFO - Job 5: Subtask print_hello
[2026-03-12T09:33:06.199+0000] {task_command.py:426} INFO - Running <TaskInstance: simple_bash_dag.print_hello manual__2026-03-12T09:33:02.479416+00:00 [running]> on host a3a124afdf58
[2026-03-12T09:33:06.293+0000] {taskinstance.py:2648} INFO - Exporting env vars: AIRFLOW_CTX_DAG_OWNER='***' AIRFLOW_CTX_DAG_ID='simple_bash_dag' AIRFLOW_CTX_TASK_ID='print_hello' AIRFLOW_CTX_EXECUTION_DATE='2026-03-12T09:33:02.479416+00:00' AIRFLOW_CTX_TRY_NUMBER='1' AIRFLOW_CTX_DAG_RUN_ID='manual__2026-03-12T09:33:02.479416+00:00'
[2026-03-12T09:33:06.295+0000] {taskinstance.py:430} INFO - ::endgroup::
[2026-03-12T09:33:06.297+0000] {subprocess.py:63} INFO - Tmp dir root location: /tmp
[2026-03-12T09:33:06.299+0000] {subprocess.py:75} INFO - Running command: ['/usr/bin/bash', '-c', "echo 'Hello World'"]
[2026-03-12T09:33:06.310+0000] {subprocess.py:86} INFO - Output:
[2026-03-12T09:33:06.312+0000] {subprocess.py:93} INFO - Hello World
[2026-03-12T09:33:06.312+0000] {subprocess.py:97} INFO - Command exited with return code 0
[2026-03-12T09:33:06.314+0000] {taskinstance.py:441} INFO - ::group::Post task execution logs
[2026-03-12T09:33:06.340+0000] {taskinstance.py:1206} INFO - Marking task as SUCCESS. dag_id=simple_bash_dag, task_id=print_hello, run_id=manual__2026-03-12T09:33:02.479416+00:00, execution_date=20260312T093302, start_date=20260312T093306, end_date=20260312T093306
[2026-03-12T09:33:06.394+0000] {local_task_job_runner.py:240} INFO - Task exited with return code 0
[2026-03-12T09:33:06.420+0000] {taskinstance.py:3498} INFO - 0 downstream tasks scheduled from follow-on schedule check
[2026-03-12T09:33:06.423+0000] {local_task_job_runner.py:222} INFO - ::endgroup::
