[2026-03-12T10:45:19.546+0000] {local_task_job_runner.py:120} INFO - ::group::Pre task execution logs
[2026-03-12T10:45:19.571+0000] {taskinstance.py:2076} INFO - Dependencies all met for dep_context=non-requeueable deps ti=<TaskInstance: schedule_retry_xcom_demo.generate_number manual__2026-03-12T10:45:17.285419+00:00 [queued]>
[2026-03-12T10:45:19.582+0000] {taskinstance.py:2076} INFO - Dependencies all met for dep_context=requeueable deps ti=<TaskInstance: schedule_retry_xcom_demo.generate_number manual__2026-03-12T10:45:17.285419+00:00 [queued]>
[2026-03-12T10:45:19.583+0000] {taskinstance.py:2306} INFO - Starting attempt 1 of 3
[2026-03-12T10:45:19.597+0000] {taskinstance.py:2330} INFO - Executing <Task(PythonOperator): generate_number> on 2026-03-12 10:45:17.285419+00:00
[2026-03-12T10:45:19.606+0000] {warnings.py:110} WARNING - /home/***/.local/lib/python3.12/site-packages/***/task/task_runner/standard_task_runner.py:61: DeprecationWarning: This process (pid=542) is multi-threaded, use of fork() may lead to deadlocks in the child.
  pid = os.fork()

[2026-03-12T10:45:19.610+0000] {standard_task_runner.py:63} INFO - Started process 546 to run task
[2026-03-12T10:45:19.607+0000] {standard_task_runner.py:90} INFO - Running: ['***', 'tasks', 'run', 'schedule_retry_xcom_demo', 'generate_number', 'manual__2026-03-12T10:45:17.285419+00:00', '--job-id', '31', '--raw', '--subdir', 'DAGS_FOLDER/retries_xCom_demo.py', '--cfg-path', '/tmp/tmps3mkpyq3']
[2026-03-12T10:45:19.612+0000] {standard_task_runner.py:91} INFO - Job 31: Subtask generate_number
[2026-03-12T10:45:19.706+0000] {task_command.py:426} INFO - Running <TaskInstance: schedule_retry_xcom_demo.generate_number manual__2026-03-12T10:45:17.285419+00:00 [running]> on host 50b4d1eb072c
[2026-03-12T10:45:19.796+0000] {taskinstance.py:2648} INFO - Exporting env vars: AIRFLOW_CTX_DAG_OWNER='***' AIRFLOW_CTX_DAG_ID='schedule_retry_xcom_demo' AIRFLOW_CTX_TASK_ID='generate_number' AIRFLOW_CTX_EXECUTION_DATE='2026-03-12T10:45:17.285419+00:00' AIRFLOW_CTX_TRY_NUMBER='1' AIRFLOW_CTX_DAG_RUN_ID='manual__2026-03-12T10:45:17.285419+00:00'
[2026-03-12T10:45:19.798+0000] {taskinstance.py:430} INFO - ::endgroup::
[2026-03-12T10:45:19.799+0000] {logging_mixin.py:188} INFO - Generated number: 10
[2026-03-12T10:45:19.813+0000] {python.py:237} INFO - Done. Returned value was: None
[2026-03-12T10:45:19.814+0000] {taskinstance.py:441} INFO - ::group::Post task execution logs
[2026-03-12T10:45:19.825+0000] {taskinstance.py:1206} INFO - Marking task as SUCCESS. dag_id=schedule_retry_xcom_demo, task_id=generate_number, run_id=manual__2026-03-12T10:45:17.285419+00:00, execution_date=20260312T104517, start_date=20260312T104519, end_date=20260312T104519
[2026-03-12T10:45:19.866+0000] {local_task_job_runner.py:240} INFO - Task exited with return code 0
[2026-03-12T10:45:19.902+0000] {taskinstance.py:3498} INFO - 1 downstream tasks scheduled from follow-on schedule check
[2026-03-12T10:45:19.905+0000] {local_task_job_runner.py:222} INFO - ::endgroup::
