[2026-03-12T10:10:37.187+0000] {local_task_job_runner.py:120} INFO - ::group::Pre task execution logs
[2026-03-12T10:10:37.207+0000] {taskinstance.py:2076} INFO - Dependencies all met for dep_context=non-requeueable deps ti=<TaskInstance: read_employees_from_postgres.read_table_data manual__2026-03-12T10:10:30.746011+00:00 [queued]>
[2026-03-12T10:10:37.214+0000] {taskinstance.py:2076} INFO - Dependencies all met for dep_context=requeueable deps ti=<TaskInstance: read_employees_from_postgres.read_table_data manual__2026-03-12T10:10:30.746011+00:00 [queued]>
[2026-03-12T10:10:37.216+0000] {taskinstance.py:2306} INFO - Starting attempt 1 of 1
[2026-03-12T10:10:37.228+0000] {taskinstance.py:2330} INFO - Executing <Task(PythonOperator): read_table_data> on 2026-03-12 10:10:30.746011+00:00
[2026-03-12T10:10:37.235+0000] {warnings.py:110} WARNING - /home/***/.local/lib/python3.12/site-packages/***/task/task_runner/standard_task_runner.py:61: DeprecationWarning: This process (pid=124) is multi-threaded, use of fork() may lead to deadlocks in the child.
  pid = os.fork()

[2026-03-12T10:10:37.237+0000] {standard_task_runner.py:63} INFO - Started process 126 to run task
[2026-03-12T10:10:37.238+0000] {standard_task_runner.py:90} INFO - Running: ['***', 'tasks', 'run', 'read_employees_from_postgres', 'read_table_data', 'manual__2026-03-12T10:10:30.746011+00:00', '--job-id', '30', '--raw', '--subdir', 'DAGS_FOLDER/read_postgres_data_dag.py', '--cfg-path', '/tmp/tmpvnkog9tz']
[2026-03-12T10:10:37.240+0000] {standard_task_runner.py:91} INFO - Job 30: Subtask read_table_data
[2026-03-12T10:10:37.317+0000] {task_command.py:426} INFO - Running <TaskInstance: read_employees_from_postgres.read_table_data manual__2026-03-12T10:10:30.746011+00:00 [running]> on host 50b4d1eb072c
[2026-03-12T10:10:37.414+0000] {taskinstance.py:2648} INFO - Exporting env vars: AIRFLOW_CTX_DAG_OWNER='***' AIRFLOW_CTX_DAG_ID='read_employees_from_postgres' AIRFLOW_CTX_TASK_ID='read_table_data' AIRFLOW_CTX_EXECUTION_DATE='2026-03-12T10:10:30.746011+00:00' AIRFLOW_CTX_TRY_NUMBER='1' AIRFLOW_CTX_DAG_RUN_ID='manual__2026-03-12T10:10:30.746011+00:00'
[2026-03-12T10:10:37.416+0000] {taskinstance.py:430} INFO - ::endgroup::
[2026-03-12T10:10:37.428+0000] {logging_mixin.py:188} INFO - (1, 'Employee 1', 1001)
[2026-03-12T10:10:37.429+0000] {logging_mixin.py:188} INFO - (2, 'Employee 2', 1002)
[2026-03-12T10:10:37.429+0000] {logging_mixin.py:188} INFO - (3, 'Employee 3', 1003)
[2026-03-12T10:10:37.430+0000] {logging_mixin.py:188} INFO - (4, 'Employee 4', 1004)
[2026-03-12T10:10:37.431+0000] {logging_mixin.py:188} INFO - (5, 'Employee 5', 1005)
[2026-03-12T10:10:37.431+0000] {logging_mixin.py:188} INFO - (6, 'Employee 6', 1006)
[2026-03-12T10:10:37.433+0000] {logging_mixin.py:188} INFO - (7, 'Employee 7', 1007)
[2026-03-12T10:10:37.433+0000] {logging_mixin.py:188} INFO - (8, 'Employee 8', 1008)
[2026-03-12T10:10:37.434+0000] {logging_mixin.py:188} INFO - (9, 'Employee 9', 1009)
[2026-03-12T10:10:37.435+0000] {logging_mixin.py:188} INFO - (10, 'Employee 10', 1010)
[2026-03-12T10:10:37.436+0000] {logging_mixin.py:188} INFO - (11, 'Employee 11', 1011)
[2026-03-12T10:10:37.437+0000] {logging_mixin.py:188} INFO - (12, 'Employee 12', 1012)
[2026-03-12T10:10:37.438+0000] {logging_mixin.py:188} INFO - (13, 'Employee 13', 1013)
[2026-03-12T10:10:37.439+0000] {logging_mixin.py:188} INFO - (14, 'Employee 14', 1014)
[2026-03-12T10:10:37.439+0000] {logging_mixin.py:188} INFO - (15, 'Employee 15', 1015)
[2026-03-12T10:10:37.440+0000] {logging_mixin.py:188} INFO - (16, 'Employee 16', 1016)
[2026-03-12T10:10:37.440+0000] {logging_mixin.py:188} INFO - (17, 'Employee 17', 1017)
[2026-03-12T10:10:37.441+0000] {logging_mixin.py:188} INFO - (18, 'Employee 18', 1018)
[2026-03-12T10:10:37.442+0000] {logging_mixin.py:188} INFO - (19, 'Employee 19', 1019)
[2026-03-12T10:10:37.443+0000] {logging_mixin.py:188} INFO - (20, 'Employee 20', 1020)
[2026-03-12T10:10:37.443+0000] {logging_mixin.py:188} INFO - (21, 'Employee 21', 1021)
[2026-03-12T10:10:37.445+0000] {logging_mixin.py:188} INFO - (22, 'Employee 22', 1022)
[2026-03-12T10:10:37.446+0000] {logging_mixin.py:188} INFO - (23, 'Employee 23', 1023)
[2026-03-12T10:10:37.447+0000] {logging_mixin.py:188} INFO - (24, 'Employee 24', 1024)
[2026-03-12T10:10:37.447+0000] {logging_mixin.py:188} INFO - (25, 'Employee 25', 1025)
[2026-03-12T10:10:37.448+0000] {logging_mixin.py:188} INFO - (26, 'Employee 26', 1026)
[2026-03-12T10:10:37.449+0000] {logging_mixin.py:188} INFO - (27, 'Employee 27', 1027)
[2026-03-12T10:10:37.450+0000] {logging_mixin.py:188} INFO - (28, 'Employee 28', 1028)
[2026-03-12T10:10:37.450+0000] {logging_mixin.py:188} INFO - (29, 'Employee 29', 1029)
[2026-03-12T10:10:37.451+0000] {logging_mixin.py:188} INFO - (30, 'Employee 30', 1030)
[2026-03-12T10:10:37.452+0000] {logging_mixin.py:188} INFO - (31, 'Employee 31', 1031)
[2026-03-12T10:10:37.453+0000] {logging_mixin.py:188} INFO - (32, 'Employee 32', 1032)
[2026-03-12T10:10:37.454+0000] {logging_mixin.py:188} INFO - (33, 'Employee 33', 1033)
[2026-03-12T10:10:37.455+0000] {logging_mixin.py:188} INFO - (34, 'Employee 34', 1034)
[2026-03-12T10:10:37.455+0000] {logging_mixin.py:188} INFO - (35, 'Employee 35', 1035)
[2026-03-12T10:10:37.456+0000] {logging_mixin.py:188} INFO - (36, 'Employee 36', 1036)
[2026-03-12T10:10:37.457+0000] {logging_mixin.py:188} INFO - (37, 'Employee 37', 1037)
[2026-03-12T10:10:37.459+0000] {logging_mixin.py:188} INFO - (38, 'Employee 38', 1038)
[2026-03-12T10:10:37.459+0000] {logging_mixin.py:188} INFO - (39, 'Employee 39', 1039)
[2026-03-12T10:10:37.460+0000] {logging_mixin.py:188} INFO - (40, 'Employee 40', 1040)
[2026-03-12T10:10:37.460+0000] {logging_mixin.py:188} INFO - (41, 'Employee 41', 1041)
[2026-03-12T10:10:37.461+0000] {logging_mixin.py:188} INFO - (42, 'Employee 42', 1042)
[2026-03-12T10:10:37.462+0000] {logging_mixin.py:188} INFO - (43, 'Employee 43', 1043)
[2026-03-12T10:10:37.463+0000] {logging_mixin.py:188} INFO - (44, 'Employee 44', 1044)
[2026-03-12T10:10:37.464+0000] {logging_mixin.py:188} INFO - (45, 'Employee 45', 1045)
[2026-03-12T10:10:37.465+0000] {logging_mixin.py:188} INFO - (46, 'Employee 46', 1046)
[2026-03-12T10:10:37.466+0000] {logging_mixin.py:188} INFO - (47, 'Employee 47', 1047)
[2026-03-12T10:10:37.466+0000] {logging_mixin.py:188} INFO - (48, 'Employee 48', 1048)
[2026-03-12T10:10:37.467+0000] {logging_mixin.py:188} INFO - (49, 'Employee 49', 1049)
[2026-03-12T10:10:37.468+0000] {logging_mixin.py:188} INFO - (50, 'Employee 50', 1050)
[2026-03-12T10:10:37.469+0000] {logging_mixin.py:188} INFO - (51, 'Employee 51', 1051)
[2026-03-12T10:10:37.469+0000] {logging_mixin.py:188} INFO - (52, 'Employee 52', 1052)
[2026-03-12T10:10:37.470+0000] {logging_mixin.py:188} INFO - (53, 'Employee 53', 1053)
[2026-03-12T10:10:37.471+0000] {logging_mixin.py:188} INFO - (54, 'Employee 54', 1054)
[2026-03-12T10:10:37.472+0000] {logging_mixin.py:188} INFO - (55, 'Employee 55', 1055)
[2026-03-12T10:10:37.473+0000] {logging_mixin.py:188} INFO - (56, 'Employee 56', 1056)
[2026-03-12T10:10:37.474+0000] {logging_mixin.py:188} INFO - (57, 'Employee 57', 1057)
[2026-03-12T10:10:37.475+0000] {logging_mixin.py:188} INFO - (58, 'Employee 58', 1058)
[2026-03-12T10:10:37.475+0000] {logging_mixin.py:188} INFO - (59, 'Employee 59', 1059)
[2026-03-12T10:10:37.476+0000] {logging_mixin.py:188} INFO - (60, 'Employee 60', 1060)
[2026-03-12T10:10:37.477+0000] {logging_mixin.py:188} INFO - (61, 'Employee 61', 1061)
[2026-03-12T10:10:37.478+0000] {logging_mixin.py:188} INFO - (62, 'Employee 62', 1062)
[2026-03-12T10:10:37.479+0000] {logging_mixin.py:188} INFO - (63, 'Employee 63', 1063)
[2026-03-12T10:10:37.480+0000] {logging_mixin.py:188} INFO - (64, 'Employee 64', 1064)
[2026-03-12T10:10:37.482+0000] {logging_mixin.py:188} INFO - (65, 'Employee 65', 1065)
[2026-03-12T10:10:37.483+0000] {logging_mixin.py:188} INFO - (66, 'Employee 66', 1066)
[2026-03-12T10:10:37.483+0000] {logging_mixin.py:188} INFO - (67, 'Employee 67', 1067)
[2026-03-12T10:10:37.484+0000] {logging_mixin.py:188} INFO - (68, 'Employee 68', 1068)
[2026-03-12T10:10:37.485+0000] {logging_mixin.py:188} INFO - (69, 'Employee 69', 1069)
[2026-03-12T10:10:37.486+0000] {logging_mixin.py:188} INFO - (70, 'Employee 70', 1070)
[2026-03-12T10:10:37.487+0000] {logging_mixin.py:188} INFO - (71, 'Employee 71', 1071)
[2026-03-12T10:10:37.488+0000] {logging_mixin.py:188} INFO - (72, 'Employee 72', 1072)
[2026-03-12T10:10:37.489+0000] {logging_mixin.py:188} INFO - (73, 'Employee 73', 1073)
[2026-03-12T10:10:37.489+0000] {logging_mixin.py:188} INFO - (74, 'Employee 74', 1074)
[2026-03-12T10:10:37.490+0000] {logging_mixin.py:188} INFO - (75, 'Employee 75', 1075)
[2026-03-12T10:10:37.491+0000] {logging_mixin.py:188} INFO - (76, 'Employee 76', 1076)
[2026-03-12T10:10:37.492+0000] {logging_mixin.py:188} INFO - (77, 'Employee 77', 1077)
[2026-03-12T10:10:37.493+0000] {logging_mixin.py:188} INFO - (78, 'Employee 78', 1078)
[2026-03-12T10:10:37.494+0000] {logging_mixin.py:188} INFO - (79, 'Employee 79', 1079)
[2026-03-12T10:10:37.495+0000] {logging_mixin.py:188} INFO - (80, 'Employee 80', 1080)
[2026-03-12T10:10:37.496+0000] {logging_mixin.py:188} INFO - (81, 'Employee 81', 1081)
[2026-03-12T10:10:37.497+0000] {logging_mixin.py:188} INFO - (82, 'Employee 82', 1082)
[2026-03-12T10:10:37.497+0000] {logging_mixin.py:188} INFO - (83, 'Employee 83', 1083)
[2026-03-12T10:10:37.498+0000] {logging_mixin.py:188} INFO - (84, 'Employee 84', 1084)
[2026-03-12T10:10:37.499+0000] {logging_mixin.py:188} INFO - (85, 'Employee 85', 1085)
[2026-03-12T10:10:37.500+0000] {logging_mixin.py:188} INFO - (86, 'Employee 86', 1086)
[2026-03-12T10:10:37.500+0000] {logging_mixin.py:188} INFO - (87, 'Employee 87', 1087)
[2026-03-12T10:10:37.501+0000] {logging_mixin.py:188} INFO - (88, 'Employee 88', 1088)
[2026-03-12T10:10:37.502+0000] {logging_mixin.py:188} INFO - (89, 'Employee 89', 1089)
[2026-03-12T10:10:37.503+0000] {logging_mixin.py:188} INFO - (90, 'Employee 90', 1090)
[2026-03-12T10:10:37.504+0000] {logging_mixin.py:188} INFO - (91, 'Employee 91', 1091)
[2026-03-12T10:10:37.505+0000] {logging_mixin.py:188} INFO - (92, 'Employee 92', 1092)
[2026-03-12T10:10:37.506+0000] {logging_mixin.py:188} INFO - (93, 'Employee 93', 1093)
[2026-03-12T10:10:37.507+0000] {logging_mixin.py:188} INFO - (94, 'Employee 94', 1094)
[2026-03-12T10:10:37.508+0000] {logging_mixin.py:188} INFO - (95, 'Employee 95', 1095)
[2026-03-12T10:10:37.509+0000] {logging_mixin.py:188} INFO - (96, 'Employee 96', 1096)
[2026-03-12T10:10:37.509+0000] {logging_mixin.py:188} INFO - (97, 'Employee 97', 1097)
[2026-03-12T10:10:37.510+0000] {logging_mixin.py:188} INFO - (98, 'Employee 98', 1098)
[2026-03-12T10:10:37.511+0000] {logging_mixin.py:188} INFO - (99, 'Employee 99', 1099)
[2026-03-12T10:10:37.512+0000] {logging_mixin.py:188} INFO - (100, 'Employee 100', 1100)
[2026-03-12T10:10:37.513+0000] {logging_mixin.py:188} INFO - (101, 'Employee 101', 1101)
[2026-03-12T10:10:37.514+0000] {logging_mixin.py:188} INFO - (102, 'Employee 102', 1102)
[2026-03-12T10:10:37.514+0000] {logging_mixin.py:188} INFO - (103, 'Employee 103', 1103)
[2026-03-12T10:10:37.515+0000] {logging_mixin.py:188} INFO - (104, 'Employee 104', 1104)
[2026-03-12T10:10:37.516+0000] {logging_mixin.py:188} INFO - (105, 'Employee 105', 1105)
[2026-03-12T10:10:37.516+0000] {logging_mixin.py:188} INFO - (106, 'Employee 106', 1106)
[2026-03-12T10:10:37.517+0000] {logging_mixin.py:188} INFO - (107, 'Employee 107', 1107)
[2026-03-12T10:10:37.518+0000] {logging_mixin.py:188} INFO - (108, 'Employee 108', 1108)
[2026-03-12T10:10:37.519+0000] {logging_mixin.py:188} INFO - (109, 'Employee 109', 1109)
[2026-03-12T10:10:37.519+0000] {logging_mixin.py:188} INFO - (110, 'Employee 110', 1110)
[2026-03-12T10:10:37.520+0000] {logging_mixin.py:188} INFO - (111, 'Employee 111', 1111)
[2026-03-12T10:10:37.520+0000] {logging_mixin.py:188} INFO - (112, 'Employee 112', 1112)
[2026-03-12T10:10:37.521+0000] {logging_mixin.py:188} INFO - (113, 'Employee 113', 1113)
[2026-03-12T10:10:37.522+0000] {logging_mixin.py:188} INFO - (114, 'Employee 114', 1114)
[2026-03-12T10:10:37.523+0000] {logging_mixin.py:188} INFO - (115, 'Employee 115', 1115)
[2026-03-12T10:10:37.524+0000] {logging_mixin.py:188} INFO - (116, 'Employee 116', 1116)
[2026-03-12T10:10:37.524+0000] {logging_mixin.py:188} INFO - (117, 'Employee 117', 1117)
[2026-03-12T10:10:37.525+0000] {logging_mixin.py:188} INFO - (118, 'Employee 118', 1118)
[2026-03-12T10:10:37.526+0000] {logging_mixin.py:188} INFO - (119, 'Employee 119', 1119)
[2026-03-12T10:10:37.526+0000] {logging_mixin.py:188} INFO - (120, 'Employee 120', 1120)
[2026-03-12T10:10:37.527+0000] {logging_mixin.py:188} INFO - (121, 'Employee 121', 1121)
[2026-03-12T10:10:37.528+0000] {logging_mixin.py:188} INFO - (122, 'Employee 122', 1122)
[2026-03-12T10:10:37.529+0000] {logging_mixin.py:188} INFO - (123, 'Employee 123', 1123)
[2026-03-12T10:10:37.529+0000] {logging_mixin.py:188} INFO - (124, 'Employee 124', 1124)
[2026-03-12T10:10:37.530+0000] {logging_mixin.py:188} INFO - (125, 'Employee 125', 1125)
[2026-03-12T10:10:37.531+0000] {logging_mixin.py:188} INFO - (126, 'Employee 126', 1126)
[2026-03-12T10:10:37.531+0000] {logging_mixin.py:188} INFO - (127, 'Employee 127', 1127)
[2026-03-12T10:10:37.532+0000] {logging_mixin.py:188} INFO - (128, 'Employee 128', 1128)
[2026-03-12T10:10:37.532+0000] {logging_mixin.py:188} INFO - (129, 'Employee 129', 1129)
[2026-03-12T10:10:37.533+0000] {logging_mixin.py:188} INFO - (130, 'Employee 130', 1130)
[2026-03-12T10:10:37.534+0000] {logging_mixin.py:188} INFO - (131, 'Employee 131', 1131)
[2026-03-12T10:10:37.535+0000] {logging_mixin.py:188} INFO - (132, 'Employee 132', 1132)
[2026-03-12T10:10:37.536+0000] {logging_mixin.py:188} INFO - (133, 'Employee 133', 1133)
[2026-03-12T10:10:37.536+0000] {logging_mixin.py:188} INFO - (134, 'Employee 134', 1134)
[2026-03-12T10:10:37.537+0000] {logging_mixin.py:188} INFO - (135, 'Employee 135', 1135)
[2026-03-12T10:10:37.537+0000] {logging_mixin.py:188} INFO - (136, 'Employee 136', 1136)
[2026-03-12T10:10:37.538+0000] {logging_mixin.py:188} INFO - (137, 'Employee 137', 1137)
[2026-03-12T10:10:37.538+0000] {logging_mixin.py:188} INFO - (138, 'Employee 138', 1138)
[2026-03-12T10:10:37.539+0000] {logging_mixin.py:188} INFO - (139, 'Employee 139', 1139)
[2026-03-12T10:10:37.540+0000] {logging_mixin.py:188} INFO - (140, 'Employee 140', 1140)
[2026-03-12T10:10:37.540+0000] {logging_mixin.py:188} INFO - (141, 'Employee 141', 1141)
[2026-03-12T10:10:37.541+0000] {logging_mixin.py:188} INFO - (142, 'Employee 142', 1142)
[2026-03-12T10:10:37.542+0000] {logging_mixin.py:188} INFO - (143, 'Employee 143', 1143)
[2026-03-12T10:10:37.543+0000] {logging_mixin.py:188} INFO - (144, 'Employee 144', 1144)
[2026-03-12T10:10:37.543+0000] {logging_mixin.py:188} INFO - (145, 'Employee 145', 1145)
[2026-03-12T10:10:37.544+0000] {logging_mixin.py:188} INFO - (146, 'Employee 146', 1146)
[2026-03-12T10:10:37.545+0000] {logging_mixin.py:188} INFO - (147, 'Employee 147', 1147)
[2026-03-12T10:10:37.545+0000] {logging_mixin.py:188} INFO - (148, 'Employee 148', 1148)
[2026-03-12T10:10:37.546+0000] {logging_mixin.py:188} INFO - (149, 'Employee 149', 1149)
[2026-03-12T10:10:37.547+0000] {logging_mixin.py:188} INFO - (150, 'Employee 150', 1150)
[2026-03-12T10:10:37.548+0000] {python.py:237} INFO - Done. Returned value was: None
[2026-03-12T10:10:37.548+0000] {taskinstance.py:441} INFO - ::group::Post task execution logs
[2026-03-12T10:10:37.561+0000] {taskinstance.py:1206} INFO - Marking task as SUCCESS. dag_id=read_employees_from_postgres, task_id=read_table_data, run_id=manual__2026-03-12T10:10:30.746011+00:00, execution_date=20260312T101030, start_date=20260312T101037, end_date=20260312T101037
[2026-03-12T10:10:37.613+0000] {local_task_job_runner.py:240} INFO - Task exited with return code 0
[2026-03-12T10:10:37.632+0000] {taskinstance.py:3498} INFO - 0 downstream tasks scheduled from follow-on schedule check
[2026-03-12T10:10:37.635+0000] {local_task_job_runner.py:222} INFO - ::endgroup::
