[2026-03-12T10:45:53.077+0000] {local_task_job_runner.py:120} INFO - ::group::Pre task execution logs
[2026-03-12T10:45:53.097+0000] {taskinstance.py:2076} INFO - Dependencies all met for dep_context=non-requeueable deps ti=<TaskInstance: schedule_retry_xcom_demo.print_result manual__2026-03-12T10:45:45.905491+00:00 [queued]>
[2026-03-12T10:45:53.106+0000] {taskinstance.py:2076} INFO - Dependencies all met for dep_context=requeueable deps ti=<TaskInstance: schedule_retry_xcom_demo.print_result manual__2026-03-12T10:45:45.905491+00:00 [queued]>
[2026-03-12T10:45:53.107+0000] {taskinstance.py:2306} INFO - Starting attempt 1 of 3
[2026-03-12T10:45:53.121+0000] {taskinstance.py:2330} INFO - Executing <Task(PythonOperator): print_result> on 2026-03-12 10:45:45.905491+00:00
[2026-03-12T10:45:53.129+0000] {warnings.py:110} WARNING - /home/***/.local/lib/python3.12/site-packages/***/task/task_runner/standard_task_runner.py:61: DeprecationWarning: This process (pid=573) is multi-threaded, use of fork() may lead to deadlocks in the child.
  pid = os.fork()

[2026-03-12T10:45:53.131+0000] {standard_task_runner.py:90} INFO - Running: ['***', 'tasks', 'run', 'schedule_retry_xcom_demo', 'print_result', 'manual__2026-03-12T10:45:45.905491+00:00', '--job-id', '39', '--raw', '--subdir', 'DAGS_FOLDER/retries_xCom_demo.py', '--cfg-path', '/tmp/tmpm5q6e_zy']
[2026-03-12T10:45:53.135+0000] {standard_task_runner.py:63} INFO - Started process 575 to run task
[2026-03-12T10:45:53.135+0000] {standard_task_runner.py:91} INFO - Job 39: Subtask print_result
[2026-03-12T10:45:53.203+0000] {task_command.py:426} INFO - Running <TaskInstance: schedule_retry_xcom_demo.print_result manual__2026-03-12T10:45:45.905491+00:00 [running]> on host 50b4d1eb072c
[2026-03-12T10:45:53.293+0000] {taskinstance.py:2648} INFO - Exporting env vars: AIRFLOW_CTX_DAG_OWNER='***' AIRFLOW_CTX_DAG_ID='schedule_retry_xcom_demo' AIRFLOW_CTX_TASK_ID='print_result' AIRFLOW_CTX_EXECUTION_DATE='2026-03-12T10:45:45.905491+00:00' AIRFLOW_CTX_TRY_NUMBER='1' AIRFLOW_CTX_DAG_RUN_ID='manual__2026-03-12T10:45:45.905491+00:00'
[2026-03-12T10:45:53.295+0000] {taskinstance.py:430} INFO - ::endgroup::
[2026-03-12T10:45:53.313+0000] {logging_mixin.py:188} INFO - Final result: 50
[2026-03-12T10:45:53.316+0000] {python.py:237} INFO - Done. Returned value was: None
[2026-03-12T10:45:53.317+0000] {taskinstance.py:441} INFO - ::group::Post task execution logs
[2026-03-12T10:45:53.329+0000] {taskinstance.py:1206} INFO - Marking task as SUCCESS. dag_id=schedule_retry_xcom_demo, task_id=print_result, run_id=manual__2026-03-12T10:45:45.905491+00:00, execution_date=20260312T104545, start_date=20260312T104553, end_date=20260312T104553
[2026-03-12T10:45:53.389+0000] {local_task_job_runner.py:240} INFO - Task exited with return code 0
[2026-03-12T10:45:53.406+0000] {taskinstance.py:3498} INFO - 0 downstream tasks scheduled from follow-on schedule check
[2026-03-12T10:45:53.409+0000] {local_task_job_runner.py:222} INFO - ::endgroup::
