[2026-03-12T09:34:08.003+0000] {local_task_job_runner.py:120} INFO - ::group::Pre task execution logs
[2026-03-12T09:34:08.019+0000] {taskinstance.py:2076} INFO - Dependencies all met for dep_context=non-requeueable deps ti=<TaskInstance: bash_task_chain.task_a manual__2026-03-12T09:34:06.012224+00:00 [queued]>
[2026-03-12T09:34:08.025+0000] {taskinstance.py:2076} INFO - Dependencies all met for dep_context=requeueable deps ti=<TaskInstance: bash_task_chain.task_a manual__2026-03-12T09:34:06.012224+00:00 [queued]>
[2026-03-12T09:34:08.027+0000] {taskinstance.py:2306} INFO - Starting attempt 1 of 1
[2026-03-12T09:34:08.036+0000] {taskinstance.py:2330} INFO - Executing <Task(BashOperator): task_a> on 2026-03-12 09:34:06.012224+00:00
[2026-03-12T09:34:08.041+0000] {warnings.py:110} WARNING - /home/***/.local/lib/python3.12/site-packages/***/task/task_runner/standard_task_runner.py:61: DeprecationWarning: This process (pid=119) is multi-threaded, use of fork() may lead to deadlocks in the child.
  pid = os.fork()

[2026-03-12T09:34:08.043+0000] {standard_task_runner.py:63} INFO - Started process 121 to run task
[2026-03-12T09:34:08.043+0000] {standard_task_runner.py:90} INFO - Running: ['***', 'tasks', 'run', 'bash_task_chain', 'task_a', 'manual__2026-03-12T09:34:06.012224+00:00', '--job-id', '6', '--raw', '--subdir', 'DAGS_FOLDER/bash_task_chain.py', '--cfg-path', '/tmp/tmpuo7bu1kg']
[2026-03-12T09:34:08.044+0000] {standard_task_runner.py:91} INFO - Job 6: Subtask task_a
[2026-03-12T09:34:08.105+0000] {task_command.py:426} INFO - Running <TaskInstance: bash_task_chain.task_a manual__2026-03-12T09:34:06.012224+00:00 [running]> on host a3a124afdf58
[2026-03-12T09:34:08.167+0000] {taskinstance.py:2648} INFO - Exporting env vars: AIRFLOW_CTX_DAG_OWNER='***' AIRFLOW_CTX_DAG_ID='bash_task_chain' AIRFLOW_CTX_TASK_ID='task_a' AIRFLOW_CTX_EXECUTION_DATE='2026-03-12T09:34:06.012224+00:00' AIRFLOW_CTX_TRY_NUMBER='1' AIRFLOW_CTX_DAG_RUN_ID='manual__2026-03-12T09:34:06.012224+00:00'
[2026-03-12T09:34:08.170+0000] {taskinstance.py:430} INFO - ::endgroup::
[2026-03-12T09:34:08.171+0000] {subprocess.py:63} INFO - Tmp dir root location: /tmp
[2026-03-12T09:34:08.172+0000] {subprocess.py:75} INFO - Running command: ['/usr/bin/bash', '-c', "echo 'Task A completed'"]
[2026-03-12T09:34:08.180+0000] {subprocess.py:86} INFO - Output:
[2026-03-12T09:34:08.181+0000] {subprocess.py:93} INFO - Task A completed
[2026-03-12T09:34:08.182+0000] {subprocess.py:97} INFO - Command exited with return code 0
[2026-03-12T09:34:08.182+0000] {taskinstance.py:441} INFO - ::group::Post task execution logs
[2026-03-12T09:34:08.200+0000] {taskinstance.py:1206} INFO - Marking task as SUCCESS. dag_id=bash_task_chain, task_id=task_a, run_id=manual__2026-03-12T09:34:06.012224+00:00, execution_date=20260312T093406, start_date=20260312T093408, end_date=20260312T093408
[2026-03-12T09:34:08.216+0000] {local_task_job_runner.py:240} INFO - Task exited with return code 0
[2026-03-12T09:34:08.231+0000] {taskinstance.py:3498} INFO - 2 downstream tasks scheduled from follow-on schedule check
[2026-03-12T09:34:08.234+0000] {local_task_job_runner.py:222} INFO - ::endgroup::
